example/manifest-merger-release-report.txt
-- Merging decision tree log ---
manifest
ADDED from AndroidManifest.xml:2:1
	package
		ADDED from AndroidManifest.xml:4:5
		INJECTED from AndroidManifest.xml:0:0
		INJECTED from AndroidManifest.xml:0:0
	android:versionName
		INJECTED from AndroidManifest.xml:0:0
		INJECTED from AndroidManifest.xml:0:0
	xmlns:tools
		ADDED from AndroidManifest.xml:3:5
	xmlns:android
		ADDED from AndroidManifest.xml:2:11
	android:versionCode
		INJECTED from AndroidManifest.xml:0:0
		INJECTED from AndroidManifest.xml:0:0
uses-sdk
ADDED from AndroidManifest.xml:5:5
MERGED from com.android.support:appcompat-v7:21.0.3:15:5
MERGED from com.android.support:support-v4:22.2.0:20:5
MERGED from com.github.navasmdc:MaterialDesign:1.5:7:5
MERGED from com.amulyakhare:com.amulyakhare.textdrawable:1.0.0:8:5
MERGED from Browse by voice:materialDrawer:2.0.0:18:5
MERGED from com.android.support:appcompat-v7:21.0.3:15:5
MERGED from com.android.support:support-v4:22.2.0:20:5
MERGED from com.github.worker8:tourguide:1.0.16-SNAPSHOT:8:5
MERGED from com.android.support:appcompat-v7:21.0.3:15:5
MERGED from com.android.support:support-v4:22.2.0:20:5
MERGED from net.i2p.android.ext:floatingactionbutton:1.9.0:8:5
MERGED from com.github.kanytu:android-parallax-recyclerview:v1.2:8:5
MERGED from com.android.support:recyclerview-v7:21.0.0:15:5
MERGED from com.android.support:support-v4:22.2.0:20:5
MERGED from com.wunderlist:sliding-layer:1.2.5:23:5
MERGED from com.android.support:support-v4:22.2.0:20:5
MERGED from cn.pedant.sweetalert:library:1.3:7:5
MERGED from com.pnikosis:materialish-progress:1.0:7:5
MERGED from com.android.support:appcompat-v7:21.0.3:15:5
MERGED from com.android.support:support-v4:22.2.0:20:5
MERGED from com.github.worker8:tourguide:1.0.16-SNAPSHOT:8:5
MERGED from com.android.support:appcompat-v7:21.0.3:15:5
MERGED from com.android.support:support-v4:22.2.0:20:5
MERGED from net.i2p.android.ext:floatingactionbutton:1.9.0:8:5
	android:targetSdkVersion
		INJECTED from AndroidManifest.xml:0:0
		INJECTED from AndroidManifest.xml:0:0
	android:minSdkVersion
		ADDED from AndroidManifest.xml:5:15
		INJECTED from AndroidManifest.xml:0:0
		INJECTED from AndroidManifest.xml:0:0
uses-permission#android.permission.INTERNET
ADDED from AndroidManifest.xml:6:5
	android:name
		ADDED from AndroidManifest.xml:6:22
uses-permission#android.permission.ACCESS_NETWORK_STATE
ADDED from AndroidManifest.xml:7:5
	android:name
		ADDED from AndroidManifest.xml:7:22
uses-permission#android.permission.ACCESS_WIFI_STATE
ADDED from AndroidManifest.xml:8:5
	android:name
		ADDED from AndroidManifest.xml:8:22
uses-permission#android.permission.CHANGE_WIFI_STATE
ADDED from AndroidManifest.xml:9:5
	android:name
		ADDED from AndroidManifest.xml:9:22
uses-permission#android.permission.RECORD_AUDIO
ADDED from AndroidManifest.xml:10:5
	android:name
		ADDED from AndroidManifest.xml:10:22
uses-permission#android.permission.MODIFY_AUDIO_SETTINGS
ADDED from AndroidManifest.xml:11:5
	android:name
		ADDED from AndroidManifest.xml:11:22
application
ADDED from AndroidManifest.xml:12:5
MERGED from com.android.support:appcompat-v7:21.0.3:16:5
MERGED from com.android.support:support-v4:22.2.0:22:5
MERGED from com.github.navasmdc:MaterialDesign:1.5:11:5
MERGED from com.amulyakhare:com.amulyakhare.textdrawable:1.0.0:12:5
MERGED from com.android.support:appcompat-v7:21.0.3:16:5
MERGED from com.android.support:support-v4:22.2.0:22:5
MERGED from com.github.worker8:tourguide:1.0.16-SNAPSHOT:12:5
MERGED from com.android.support:appcompat-v7:21.0.3:16:5
MERGED from com.android.support:support-v4:22.2.0:22:5
MERGED from net.i2p.android.ext:floatingactionbutton:1.9.0:12:5
MERGED from com.android.support:recyclerview-v7:21.0.0:17:5
MERGED from com.android.support:support-v4:22.2.0:22:5
MERGED from com.wunderlist:sliding-layer:1.2.5:27:5
MERGED from com.android.support:support-v4:22.2.0:22:5
MERGED from cn.pedant.sweetalert:library:1.3:11:5
MERGED from com.pnikosis:materialish-progress:1.0:11:5
MERGED from com.android.support:appcompat-v7:21.0.3:16:5
MERGED from com.android.support:support-v4:22.2.0:22:5
MERGED from com.github.worker8:tourguide:1.0.16-SNAPSHOT:12:5
MERGED from com.android.support:appcompat-v7:21.0.3:16:5
MERGED from com.android.support:support-v4:22.2.0:22:5
MERGED from net.i2p.android.ext:floatingactionbutton:1.9.0:12:5
	android:label
		ADDED from AndroidManifest.xml:15:9
	android:allowBackup
		ADDED from AndroidManifest.xml:13:9
	android:icon
		ADDED from AndroidManifest.xml:14:9
		REJECTED from com.pnikosis:materialish-progress:1.0:13:9
	android:theme
		ADDED from AndroidManifest.xml:17:9
	tools:replace
		ADDED from AndroidManifest.xml:16:9
activity#browse.by.voice.MainActivity
ADDED from AndroidManifest.xml:20:9
	android:label
		ADDED from AndroidManifest.xml:22:13
	android:configChanges
		ADDED from AndroidManifest.xml:23:13
	android:name
		ADDED from AndroidManifest.xml:21:13
intent-filter#android.intent.action.MAIN+android.intent.category.LAUNCHER
ADDED from AndroidManifest.xml:24:13
action#android.intent.action.MAIN
ADDED from AndroidManifest.xml:25:17
	android:name
		ADDED from AndroidManifest.xml:25:25
category#android.intent.category.LAUNCHER
ADDED from AndroidManifest.xml:27:17
	android:name
		ADDED from AndroidManifest.xml:27:27
activity#browse.by.voice.DummyActivity
ADDED from AndroidManifest.xml:31:9
	android:name
		ADDED from AndroidManifest.xml:31:19
activity#browse.by.voice.example.theme.DarkThemeActivity
ADDED from AndroidManifest.xml:37:9
	android:theme
		ADDED from AndroidManifest.xml:38:13
	android:name
		ADDED from AndroidManifest.xml:37:19
activity#browse.by.voice.example.theme.LightThemeActivity
ADDED from AndroidManifest.xml:41:9
	android:theme
		ADDED from AndroidManifest.xml:42:13
	android:name
		ADDED from AndroidManifest.xml:41:19
activity#browse.by.voice.example.theme.MyThemeActivity
ADDED from AndroidManifest.xml:45:9
	android:theme
		ADDED from AndroidManifest.xml:46:13
	android:name
		ADDED from AndroidManifest.xml:45:19
activity#browse.by.voice.example.theme.UniqueToolbarColorActivity
ADDED from AndroidManifest.xml:49:9
	android:theme
		ADDED from AndroidManifest.xml:50:13
	android:name
		ADDED from AndroidManifest.xml:49:19
activity#browse.by.voice.example.theme.ActionBarOverlayActivity
ADDED from AndroidManifest.xml:53:9
	android:theme
		ADDED from AndroidManifest.xml:54:13
	android:name
		ADDED from AndroidManifest.xml:53:19
activity#browse.by.voice.example.theme.KitKatTranslucentStatusBarActivity
ADDED from AndroidManifest.xml:57:9
	android:theme
		ADDED from AndroidManifest.xml:58:13
	android:name
		ADDED from AndroidManifest.xml:57:19
activity#browse.by.voice.example.theme.ActionBarOwnFontActivity
ADDED from AndroidManifest.xml:61:9
	android:name
		ADDED from AndroidManifest.xml:61:19
activity#browse.by.voice.example.theme.OwnDrawerWidthActivity
ADDED from AndroidManifest.xml:64:9
	android:name
		ADDED from AndroidManifest.xml:64:19
activity#browse.by.voice.example.theme.OnlyIconsActivity
ADDED from AndroidManifest.xml:66:9
	android:theme
		ADDED from AndroidManifest.xml:67:13
	android:name
		ADDED from AndroidManifest.xml:66:19
activity#browse.by.voice.example.drawerTypes.MultiPaneSupportActivity
ADDED from AndroidManifest.xml:71:9
	android:theme
		ADDED from AndroidManifest.xml:72:13
	android:name
		ADDED from AndroidManifest.xml:71:19
activity#browse.by.voice.example.drawerTypes.MultiPaneSupportBelowToolbarActivity
ADDED from AndroidManifest.xml:74:9
	android:theme
		ADDED from AndroidManifest.xml:75:13
	android:name
		ADDED from AndroidManifest.xml:74:19
activity#browse.by.voice.example.headerTypes.NoHeaderActivity
ADDED from AndroidManifest.xml:79:9
	android:name
		ADDED from AndroidManifest.xml:79:19
activity#browse.by.voice.example.headerTypes.NoHeaderBelowToolbarActivity
ADDED from AndroidManifest.xml:81:9
	android:theme
		ADDED from AndroidManifest.xml:82:13
	android:name
		ADDED from AndroidManifest.xml:81:19
activity#browse.by.voice.example.headerTypes.ImageHeaderActivity
ADDED from AndroidManifest.xml:84:9
	android:name
		ADDED from AndroidManifest.xml:84:19
activity#browse.by.voice.example.headerTypes.ImageHeaderBelowToolbarActivity
ADDED from AndroidManifest.xml:86:9
	android:theme
		ADDED from AndroidManifest.xml:87:13
	android:name
		ADDED from AndroidManifest.xml:86:19
activity#browse.by.voice.example.headerTypes.CustomHeaderActivity
ADDED from AndroidManifest.xml:89:9
	android:name
		ADDED from AndroidManifest.xml:89:19
activity#browse.by.voice.example.headerTypes.CustomHeaderBelowToolbarActivity
ADDED from AndroidManifest.xml:91:9
	android:theme
		ADDED from AndroidManifest.xml:92:13
	android:name
		ADDED from AndroidManifest.xml:91:19
activity#browse.by.voice.example.headerTypes.HeadItemOneActivity
ADDED from AndroidManifest.xml:94:9
	android:name
		ADDED from AndroidManifest.xml:94:19
activity#browse.by.voice.example.headerTypes.HeadItemOneBelowToolbarActivity
ADDED from AndroidManifest.xml:96:9
	android:theme
		ADDED from AndroidManifest.xml:97:13
	android:name
		ADDED from AndroidManifest.xml:96:19
activity#browse.by.voice.example.headerTypes.HeadItemThreeActivity
ADDED from AndroidManifest.xml:99:9
	android:name
		ADDED from AndroidManifest.xml:99:19
activity#browse.by.voice.example.headerTypes.HeadItemFiveActivity
ADDED from AndroidManifest.xml:101:9
	android:name
		ADDED from AndroidManifest.xml:101:19
activity#browse.by.voice.example.headItemTypes.HeadItemFiveExtraMenuActivity
ADDED from AndroidManifest.xml:105:9
	android:name
		ADDED from AndroidManifest.xml:105:19
activity#browse.by.voice.example.headItemTypes.HeadItemTwoExtraMenuActivity
ADDED from AndroidManifest.xml:107:9
	android:name
		ADDED from AndroidManifest.xml:107:19
activity#browse.by.voice.example.headItemTypes.HeadItemThreeDontCloseOnChangeActivity
ADDED from AndroidManifest.xml:109:9
	android:name
		ADDED from AndroidManifest.xml:109:19
activity#browse.by.voice.example.headItemTypes.HeadItemFiveDontCloseOnChangeActivity
ADDED from AndroidManifest.xml:111:9
	android:name
		ADDED from AndroidManifest.xml:111:19
activity#browse.by.voice.example.headItemTypes.HeadItemOneBlackThemeActivity
ADDED from AndroidManifest.xml:113:9
	android:theme
		ADDED from AndroidManifest.xml:114:13
	android:name
		ADDED from AndroidManifest.xml:113:19
activity#browse.by.voice.example.headItemTypes.HeadItemTwoOnlyOneHasMenuActivity
ADDED from AndroidManifest.xml:116:9
	android:name
		ADDED from AndroidManifest.xml:116:19
activity#browse.by.voice.example.headItemTypes.HeadItemTwoNoFragmentLoadOnChangeActivity
ADDED from AndroidManifest.xml:118:9
	android:name
		ADDED from AndroidManifest.xml:118:19
activity#browse.by.voice.example.headItemTypes.HeadItem100StaticBackgroundActivity
ADDED from AndroidManifest.xml:120:9
	android:name
		ADDED from AndroidManifest.xml:120:19
activity#browse.by.voice.example.menu.AllMenuTypesActivity
ADDED from AndroidManifest.xml:124:9
	android:name
		ADDED from AndroidManifest.xml:124:19
activity#browse.by.voice.example.menu.AddRemoveMenuItemsActivity
ADDED from AndroidManifest.xml:126:9
	android:name
		ADDED from AndroidManifest.xml:126:19
activity#browse.by.voice.example.menu.SectionFragmentTitleActivity
ADDED from AndroidManifest.xml:128:9
	android:name
		ADDED from AndroidManifest.xml:128:19
activity#browse.by.voice.example.menu.StartSectionActivity
ADDED from AndroidManifest.xml:130:9
	android:name
		ADDED from AndroidManifest.xml:130:19
activity#browse.by.voice.example.backPattern.BackPatternCustomActivity
ADDED from AndroidManifest.xml:134:9
	android:name
		ADDED from AndroidManifest.xml:134:19
activity#browse.by.voice.example.backPattern.BackPatternDefaultActivity
ADDED from AndroidManifest.xml:136:9
	android:name
		ADDED from AndroidManifest.xml:136:19
activity#browse.by.voice.example.backPattern.BackPatternStartIndexActivity
ADDED from AndroidManifest.xml:138:9
	android:name
		ADDED from AndroidManifest.xml:138:19
activity#browse.by.voice.example.backPattern.BackPatternLastSectionActivity
ADDED from AndroidManifest.xml:140:9
	android:name
		ADDED from AndroidManifest.xml:140:19
activity#browse.by.voice.example.listener.HeadItemOneAvatarOnClickListenerActivity
ADDED from AndroidManifest.xml:144:9
	android:name
		ADDED from AndroidManifest.xml:144:19
activity#browse.by.voice.example.listener.HeadItemOneBackgroundOnClickListenerActivity
ADDED from AndroidManifest.xml:146:9
	android:name
		ADDED from AndroidManifest.xml:146:19
activity#browse.by.voice.example.listener.SectionChangeListenerActivity
ADDED from AndroidManifest.xml:148:9
	android:name
		ADDED from AndroidManifest.xml:148:19
activity#browse.by.voice.example.listener.DrawerListenerActivity
ADDED from AndroidManifest.xml:150:9
	android:name
		ADDED from AndroidManifest.xml:150:19
activity#browse.by.voice.example.listener.HeadItemThreeChangeListenerActivity
ADDED from AndroidManifest.xml:152:9
	android:name
		ADDED from AndroidManifest.xml:152:19
activity#browse.by.voice.example.functionally.ActionBarButtonsActivity
ADDED from AndroidManifest.xml:156:9
	android:name
		ADDED from AndroidManifest.xml:156:19
activity#browse.by.voice.example.functionally.AddRemoveHeadItemRuntimeActivity
ADDED from AndroidManifest.xml:158:9
	android:name
		ADDED from AndroidManifest.xml:158:19
activity#browse.by.voice.example.functionally.NoClosePrevDrawerActivity_Activity
ADDED from AndroidManifest.xml:160:9
	android:name
		ADDED from AndroidManifest.xml:160:19
activity#browse.by.voice.example.functionally.ClosePrevDrawerActivity_Activity
ADDED from AndroidManifest.xml:162:9
	android:name
		ADDED from AndroidManifest.xml:162:19
activity#browse.by.voice.example.functionally.SetCustomFragmentActivity
ADDED from AndroidManifest.xml:164:9
	android:name
		ADDED from AndroidManifest.xml:164:19
activity#browse.by.voice.example.functionally.MasterChildNavActivity
ADDED from AndroidManifest.xml:166:9
	android:name
		ADDED from AndroidManifest.xml:166:19
activity#browse.by.voice.example.functionally.noClosePrevDrawerActivity.NoCloseActivity
ADDED from AndroidManifest.xml:170:9
	android:name
		ADDED from AndroidManifest.xml:170:19
activity#browse.by.voice.example.functionally.closePrevDrawerActivity.CloseActivity
ADDED from AndroidManifest.xml:172:9
	android:name
		ADDED from AndroidManifest.xml:172:19
activity#android.support.v7.widget.TestActivity
ADDED from com.android.support:recyclerview-v7:21.0.0:18:9
	android:label
		ADDED from com.android.support:recyclerview-v7:21.0.0:18:19
	android:name
		ADDED from com.android.support:recyclerview-v7:21.0.0:18:60